<?xml version="1.0" encoding="UTF-8"?>
<!-- Generated by org.testng.reporters.JUnitReportReporter -->
<testsuite hostname="HOME" failures="0" tests="2" name="testNG.BeforeAndAfterMethod" time="0.018" errors="0" timestamp="2023-12-08T13:24:28 IST" skipped="0">
  <testcase classname="testNG.BeforeAndAfterMethod" name="search" time="0.003"/>
  <testcase classname="testNG.BeforeAndAfterMethod" name="advSearch" time="0.015"/>
</testsuite> <!-- testNG.BeforeAndAfterMethod -->
