<?xml version="1.0" encoding="UTF-8"?>
<!-- Generated by org.testng.reporters.JUnitReportReporter -->
<testsuite hostname="HOME" failures="0" tests="10" name="testNG.InvocationCountDemo" time="0.072" errors="0" timestamp="2023-12-09T19:07:46 IST" skipped="0">
  <testcase classname="testNG.InvocationCountDemo" name="f" time="0.004"/>
  <testcase classname="testNG.InvocationCountDemo" name="f" time="0.005"/>
  <testcase classname="testNG.InvocationCountDemo" name="f" time="0.004"/>
  <testcase classname="testNG.InvocationCountDemo" name="f" time="0.003"/>
  <testcase classname="testNG.InvocationCountDemo" name="f" time="0.008"/>
  <testcase classname="testNG.InvocationCountDemo" name="f" time="0.004"/>
  <testcase classname="testNG.InvocationCountDemo" name="f" time="0.006"/>
  <testcase classname="testNG.InvocationCountDemo" name="f" time="0.024"/>
  <testcase classname="testNG.InvocationCountDemo" name="f" time="0.007"/>
  <testcase classname="testNG.InvocationCountDemo" name="f" time="0.007"/>
</testsuite> <!-- testNG.InvocationCountDemo -->
