<?xml version="1.0" encoding="UTF-8"?>
<!-- Generated by org.testng.reporters.JUnitReportReporter -->
<testsuite hostname="HOME" failures="0" tests="2" name="testNG.Class2_BeforeAndAfterTest" time="0.006" errors="0" timestamp="2023-12-08T16:05:28 IST" skipped="0">
  <testcase classname="testNG.Class2_BeforeAndAfterTest" name="Test2" time="0.003"/>
  <testcase classname="testNG.Class2_BeforeAndAfterTest" name="Test2" time="0.003"/>
</testsuite> <!-- testNG.Class2_BeforeAndAfterTest -->
