<?xml version="1.0" encoding="UTF-8"?>
<!-- Generated by org.testng.reporters.JUnitReportReporter -->
<testsuite hostname="HOME" failures="0" tests="2" name="testNG.Groupings" time="0.023" errors="0" timestamp="2023-12-09T14:01:20 IST" skipped="0">
  <testcase classname="testNG.Groupings" name="paymentByUPI" time="0.020"/>
  <testcase classname="testNG.Groupings" name="paymentByCreditCard" time="0.003"/>
</testsuite> <!-- testNG.Groupings -->
