<?xml version="1.0" encoding="UTF-8"?>
<!-- Generated by org.testng.reporters.JUnitReportReporter -->
<testsuite hostname="HOME" failures="0" tests="1" name="testNG.NewTest" time="0.632" errors="0" timestamp="2023-12-08T12:34:56 IST" skipped="0">
  <testcase classname="testNG.NewTest" name="login" time="0.632"/>
</testsuite> <!-- testNG.NewTest -->
