<?xml version="1.0" encoding="UTF-8"?>
<!-- Generated by org.testng.reporters.JUnitReportReporter -->
<testsuite hostname="HOME" failures="0" tests="3" name="testNG.Test1" time="0.015" errors="0" timestamp="2023-12-08T12:34:56 IST" skipped="0">
  <testcase classname="testNG.Test1" name="f1" time="0.011"/>
  <testcase classname="testNG.Test1" name="f2" time="0.002"/>
  <testcase classname="testNG.Test1" name="f3" time="0.002"/>
</testsuite> <!-- testNG.Test1 -->
