<?xml version="1.0" encoding="UTF-8"?>
<!-- Generated by org.testng.reporters.JUnitReportReporter -->
<testsuite hostname="HOME" failures="0" tests="2" name="testNG.BeforeAndAfterClass" time="0.010" errors="0" timestamp="2023-12-08T13:27:56 IST" skipped="0">
  <testcase classname="testNG.BeforeAndAfterClass" name="advSearch" time="0.009"/>
  <testcase classname="testNG.BeforeAndAfterClass" name="search" time="0.001"/>
</testsuite> <!-- testNG.BeforeAndAfterClass -->
