<?xml version="1.0" encoding="UTF-8"?>
<!-- Generated by org.testng.reporters.JUnitReportReporter -->
<testsuite hostname="HOME" failures="0" tests="2" name="testNG.AllAnnotations" time="0.010" errors="0" timestamp="2023-12-08T16:58:39 IST" skipped="0">
  <testcase classname="testNG.AllAnnotations" name="l" time="0.005"/>
  <testcase classname="testNG.AllAnnotations" name="m" time="0.005"/>
</testsuite> <!-- testNG.AllAnnotations -->
