<?xml version="1.0" encoding="UTF-8"?>
<!-- Generated by org.testng.reporters.JUnitReportReporter -->
<testsuite hostname="HOME" failures="0" tests="2" name="testNG.Class1_BeforeAndAfterTest" time="0.021" errors="0" timestamp="2023-12-08T16:05:28 IST" skipped="0">
  <testcase classname="testNG.Class1_BeforeAndAfterTest" name="Test1" time="0.002"/>
  <testcase classname="testNG.Class1_BeforeAndAfterTest" name="Test1" time="0.019"/>
</testsuite> <!-- testNG.Class1_BeforeAndAfterTest -->
